<?xml version="1.0" encoding="UTF-8"?>
<robot generator="Robot 4.0.1 (Python 3.9.4 on win32)" generated="20210524 09:37:13.229" rpa="false" schemaversion="2">
<suite id="s1" name="Home-Mich" source="C:\Users\99821186\.automação\Bud.com.br\home-mich.robot">
<test id="s1-t1" name="Maior de 18 anos">
<kw name="Abrir navegador" library="facilidade">
<kw name="Open Browser" library="Browser">
<arg>https://www.skol.com.br/</arg>
<arg>chromium</arg>
<tag>BrowserControl</tag>
<tag>Setter</tag>
<doc>Opens a new browser instance. Use this keyword for quick experiments or debugging sessions.
Use `New Page` directly instead of `Open Browser` for production and automated execution.
See `Browser, Context and Page` for more information about Browser and related concepts.</doc>
<msg timestamp="20210524 09:37:15.284" level="WARN">Open Browser is for quick experimentation and debugging only. Use New Page for production.</msg>
<msg timestamp="20210524 09:37:15.288" level="INFO">{"browser": "chromium", "headless": false, "handleSIGINT": true, "handleSIGTERM": true, "handleSIGHUP": true, "timeout": 30000.0, "devtools": false, "slowMo": 0.0}</msg>
<msg timestamp="20210524 09:37:15.863" level="INFO">Successfully created browser with options: {"browser":"chromium","headless":false,"handleSIGINT":true,"handleSIGTERM":true,"handleSIGHUP":true,"timeout":30000,"devtools":false,"slowMo":0}</msg>
<msg timestamp="20210524 09:37:15.867" level="INFO">{"acceptDownloads": false, "ignoreHTTPSErrors": false, "bypassCSP": false, "deviceScaleFactor": 1.0, "isMobile": false, "hasTouch": false, "javaScriptEnabled": true, "offline": false, "hideRfBrowser": false}</msg>
<msg timestamp="20210524 09:37:15.891" level="INFO">Successfully created context with options: {"acceptDownloads":false,"ignoreHTTPSErrors":false,"bypassCSP":false,"deviceScaleFactor":1,"isMobile":false,"hasTouch":false,"javaScriptEnabled":true,"offline":false,"hideRfBrowser":false}</msg>
<msg timestamp="20210524 09:37:20.874" level="INFO">Successfully initialized new page object and opened url: https://www.skol.com.br/</msg>
<status status="PASS" starttime="20210524 09:37:15.284" endtime="20210524 09:37:20.874"/>
</kw>
<kw name="Click" library="Browser">
<arg>button[title="Aceitar cookies"]</arg>
<tag>PageContent</tag>
<tag>Setter</tag>
<doc>Simulates mouse click on the element found by ``selector``.</doc>
<status status="PASS" starttime="20210524 09:37:20.878" endtime="20210524 09:37:21.952"/>
</kw>
<status status="PASS" starttime="20210524 09:37:15.284" endtime="20210524 09:37:21.952"/>
</kw>
<kw name="Wait For Elements State" library="Browser">
<arg>h3[class="coh-heading coh-ce-cpt_age_gate-a2606a94"]</arg>
<arg>visible</arg>
<arg>3</arg>
<tag>PageContent</tag>
<tag>Wait</tag>
<doc>Waits for the element found by ``selector`` to satisfy state option.</doc>
<msg timestamp="20210524 09:37:21.972" level="INFO">Wait for Element with selector: h3[class="coh-heading coh-ce-cpt_age_gate-a2606a94"]</msg>
<status status="PASS" starttime="20210524 09:37:21.952" endtime="20210524 09:37:21.972"/>
</kw>
<kw name="Wait For Elements State" library="Browser">
<arg>css=p[class*="direitos reservados coh-ce-cpt_age_gate"]</arg>
<arg>visible</arg>
<arg>3</arg>
<tag>PageContent</tag>
<tag>Wait</tag>
<doc>Waits for the element found by ``selector`` to satisfy state option.</doc>
<msg timestamp="20210524 09:37:21.988" level="INFO">Wait for Element with selector: css=p[class*="direitos reservados coh-ce-cpt_age_gate"]</msg>
<status status="PASS" starttime="20210524 09:37:21.972" endtime="20210524 09:37:21.988"/>
</kw>
<kw name="Wait For Elements State" library="Browser">
<arg>xpath=//img[contains(@class, "coh-image coh-ce-cpt_age_gate-2e40a9ee coh-image-responsive-xs")]/..</arg>
<arg>visible</arg>
<arg>3</arg>
<tag>PageContent</tag>
<tag>Wait</tag>
<doc>Waits for the element found by ``selector`` to satisfy state option.</doc>
<msg timestamp="20210524 09:37:22.000" level="INFO">Wait for Element with selector: xpath=//img[contains(@class, "coh-image coh-ce-cpt_age_gate-2e40a9ee coh-image-responsive-xs")]/..</msg>
<status status="PASS" starttime="20210524 09:37:21.988" endtime="20210524 09:37:22.000"/>
</kw>
<kw name="Wait For Elements State" library="Browser">
<arg>xpath=//p[contains(text(),"Beba com moderação. Não compartilhe este conteúdo com menores de idade.")]</arg>
<arg>visible</arg>
<arg>3</arg>
<tag>PageContent</tag>
<tag>Wait</tag>
<doc>Waits for the element found by ``selector`` to satisfy state option.</doc>
<msg timestamp="20210524 09:37:25.316" level="INFO" html="true">&lt;/td&gt;&lt;/tr&gt;&lt;tr&gt;&lt;td colspan="3"&gt;&lt;a href="Maior_de_18_anos_FAILURE_SCREENSHOT_12.png"&gt;&lt;img src="Maior_de_18_anos_FAILURE_SCREENSHOT_12.png" width="800px"&gt;&lt;/a&gt;</msg>
<msg timestamp="20210524 09:38:01.512" level="FAIL">TimeoutError: page.waitForSelector: Timeout 3000ms exceeded.
=========================== logs ===========================
waiting for selector "xpath=//p[contains(text(),"Beba com moderação. Não compartilhe este conteúdo com menores de idade.")]" to be visible
============================================================
Note: use DEBUG=pw:api environment variable to capture Playwright logs.</msg>
<status status="FAIL" starttime="20210524 09:37:22.000" endtime="20210524 09:38:01.512"/>
</kw>
<kw name="Click" library="Browser">
<arg>id=age-gate--yes</arg>
<tag>PageContent</tag>
<tag>Setter</tag>
<doc>Simulates mouse click on the element found by ``selector``.</doc>
<status status="NOT RUN" starttime="20210524 09:38:01.512" endtime="20210524 09:38:01.512"/>
</kw>
<kw name="Take Screenshot" library="Browser" type="TEARDOWN">
<tag>PageContent</tag>
<doc>Takes a screenshot of the current window and saves it to ``path``. Saves it as a png.</doc>
<msg timestamp="20210524 09:38:01.528" level="WARN">Keyword 'Take Screenshot' could not be run on failure:
Error: page.screenshot: Target page, context or browser has been closed</msg>
<msg timestamp="20210524 09:38:02.851" level="FAIL">Error: page.screenshot: Target page, context or browser has been closed</msg>
<status status="FAIL" starttime="20210524 09:38:01.512" endtime="20210524 09:38:02.851">Error: page.screenshot: Target page, context or browser has been closed</status>
</kw>
<status status="FAIL" starttime="20210524 09:37:15.280" endtime="20210524 09:38:02.851">TimeoutError: page.waitForSelector: Timeout 3000ms exceeded.
=========================== logs ===========================
waiting for selector "xpath=//p[contains(text(),"Beba com moderação. Não compartilhe este conteúdo com menores de idade.")]" to be visible
============================================================
Note: use DEBUG=pw:api environment variable to capture Playwright logs.

Also teardown failed:
Error: page.screenshot: Target page, context or browser has been closed</status>
</test>
<test id="s1-t2" name="Menores de 18 anos">
<kw name="Abrir navegador" library="facilidade">
<kw name="Open Browser" library="Browser">
<arg>https://www.skol.com.br/</arg>
<arg>chromium</arg>
<tag>BrowserControl</tag>
<tag>Setter</tag>
<doc>Opens a new browser instance. Use this keyword for quick experiments or debugging sessions.
Use `New Page` directly instead of `Open Browser` for production and automated execution.
See `Browser, Context and Page` for more information about Browser and related concepts.</doc>
<msg timestamp="20210524 09:38:02.866" level="WARN">Open Browser is for quick experimentation and debugging only. Use New Page for production.</msg>
<msg timestamp="20210524 09:38:02.866" level="INFO">{"browser": "chromium", "headless": false, "handleSIGINT": true, "handleSIGTERM": true, "handleSIGHUP": true, "timeout": 30000.0, "devtools": false, "slowMo": 0.0}</msg>
<msg timestamp="20210524 09:38:03.351" level="INFO">Successfully created browser with options: {"browser":"chromium","headless":false,"handleSIGINT":true,"handleSIGTERM":true,"handleSIGHUP":true,"timeout":30000,"devtools":false,"slowMo":0}</msg>
<msg timestamp="20210524 09:38:03.351" level="INFO">{"acceptDownloads": false, "ignoreHTTPSErrors": false, "bypassCSP": false, "deviceScaleFactor": 1.0, "isMobile": false, "hasTouch": false, "javaScriptEnabled": true, "offline": false, "hideRfBrowser": false}</msg>
<msg timestamp="20210524 09:38:03.367" level="INFO">Successfully created context with options: {"acceptDownloads":false,"ignoreHTTPSErrors":false,"bypassCSP":false,"deviceScaleFactor":1,"isMobile":false,"hasTouch":false,"javaScriptEnabled":true,"offline":false,"hideRfBrowser":false}</msg>
<msg timestamp="20210524 09:38:08.189" level="INFO">Successfully initialized new page object and opened url: https://www.skol.com.br/</msg>
<status status="PASS" starttime="20210524 09:38:02.866" endtime="20210524 09:38:08.189"/>
</kw>
<kw name="Click" library="Browser">
<arg>button[title="Aceitar cookies"]</arg>
<tag>PageContent</tag>
<tag>Setter</tag>
<doc>Simulates mouse click on the element found by ``selector``.</doc>
<status status="PASS" starttime="20210524 09:38:08.189" endtime="20210524 09:38:09.252"/>
</kw>
<status status="PASS" starttime="20210524 09:38:02.866" endtime="20210524 09:38:09.252"/>
</kw>
<kw name="Click" library="Browser">
<arg>id=age-gate--no</arg>
<tag>PageContent</tag>
<tag>Setter</tag>
<doc>Simulates mouse click on the element found by ``selector``.</doc>
<status status="PASS" starttime="20210524 09:38:09.252" endtime="20210524 09:38:10.161"/>
</kw>
<kw name="Click" library="Browser">
<arg>button[title="Aceitar cookies"]</arg>
<tag>PageContent</tag>
<tag>Setter</tag>
<doc>Simulates mouse click on the element found by ``selector``.</doc>
<status status="PASS" starttime="20210524 09:38:10.161" endtime="20210524 09:38:13.078"/>
</kw>
<kw name="Wait For Elements State" library="Browser">
<arg>css=a[rel="home"]</arg>
<arg>visible</arg>
<arg>3</arg>
<tag>PageContent</tag>
<tag>Wait</tag>
<doc>Waits for the element found by ``selector`` to satisfy state option.</doc>
<msg timestamp="20210524 09:38:13.132" level="INFO">Wait for Element with selector: css=a[rel="home"]</msg>
<status status="PASS" starttime="20210524 09:38:13.078" endtime="20210524 09:38:13.133"/>
</kw>
<kw name="Wait For Elements State" library="Browser">
<arg>css=h2[class*="title--2"]</arg>
<arg>visible</arg>
<arg>3</arg>
<tag>PageContent</tag>
<tag>Wait</tag>
<doc>Waits for the element found by ``selector`` to satisfy state option.</doc>
<msg timestamp="20210524 09:38:13.209" level="INFO">Wait for Element with selector: css=h2[class*="title--2"]</msg>
<status status="PASS" starttime="20210524 09:38:13.133" endtime="20210524 09:38:13.209"/>
</kw>
<kw name="Get Text" library="Browser">
<arg>div[class=main-section__content]</arg>
<arg>contains</arg>
<arg>Desculpe, o conteúdo desse site não está liberado para você.</arg>
<tag>Assertion</tag>
<tag>Getter</tag>
<tag>PageContent</tag>
<doc>Returns text attribute of the element found by ``selector``.
See the `Finding elements` section for details about the selectors.</doc>
<status status="PASS" starttime="20210524 09:38:13.209" endtime="20210524 09:38:13.360"/>
</kw>
<kw name="Take Screenshot" library="Browser" type="TEARDOWN">
<tag>PageContent</tag>
<doc>Takes a screenshot of the current window and saves it to ``path``. Saves it as a png.</doc>
<msg timestamp="20210524 09:38:13.692" level="INFO" html="true">&lt;/td&gt;&lt;/tr&gt;&lt;tr&gt;&lt;td colspan="3"&gt;&lt;a href="browser/screenshot/robotframework-browser-screenshot-1.png"&gt;&lt;img src="browser/screenshot/robotframework-browser-screenshot-1.png" width="800px"&gt;&lt;/a&gt;</msg>
<status status="PASS" starttime="20210524 09:38:13.361" endtime="20210524 09:38:13.692"/>
</kw>
<status status="PASS" starttime="20210524 09:38:02.866" endtime="20210524 09:38:13.692"/>
</test>
<doc>pagina home de Michelob.br</doc>
<status status="FAIL" starttime="20210524 09:37:13.233" endtime="20210524 09:38:13.852"/>
</suite>
<statistics>
<total>
<stat pass="1" fail="1" skip="0">All Tests</stat>
</total>
<tag>
</tag>
<suite>
<stat pass="1" fail="1" skip="0" id="s1" name="Home-Mich">Home-Mich</stat>
</suite>
</statistics>
<errors>
<msg timestamp="20210524 09:37:15.284" level="WARN">Open Browser is for quick experimentation and debugging only. Use New Page for production.</msg>
<msg timestamp="20210524 09:38:01.528" level="WARN">Keyword 'Take Screenshot' could not be run on failure:
Error: page.screenshot: Target page, context or browser has been closed</msg>
<msg timestamp="20210524 09:38:02.866" level="WARN">Open Browser is for quick experimentation and debugging only. Use New Page for production.</msg>
</errors>
</robot>
